[    0.000000] Linux version 4.15.0-212-generic (buildd@lcy02-amd64-083) (gcc version 7.5.0 (Ubuntu 7.5.0-3ubuntu1~18.04)) #223-Ubuntu SMP Tue May 23 13:09:22 UTC 2023 (Ubuntu 4.15.0-212.223-generic 4.15.18)
[    0.000000] Command line: BOOT_IMAGE=/boot/vmlinuz-4.15.0-212-generic root=LABEL=cloudimg-rootfs ro console=tty1 console=ttyS0
[    0.000000] KERNEL supported cpus:
[    0.000000]   Intel GenuineIntel
[    0.000000]   AMD AuthenticAMD
[    0.000000]   Centaur CentaurHauls
[    0.000000] x86/fpu: x87 FPU will use FXSAVE
[    0.000000] e820: BIOS-provided physical RAM map:
[    0.000000] BIOS-e820: [mem 0x0000000000000000-0x000000000009fbff] usable
[    0.000000] BIOS-e820: [mem 0x000000000009fc00-0x000000000009ffff] reserved
[    0.000000] BIOS-e820: [mem 0x00000000000f0000-0x00000000000fffff] reserved
[    0.000000] BIOS-e820: [mem 0x0000000000100000-0x000000007ffeffff] usable
[    0.000000] BIOS-e820: [mem 0x000000007fff0000-0x000000007fffffff] ACPI data
[    0.000000] BIOS-e820: [mem 0x00000000fec00000-0x00000000fec00fff] reserved
[    0.000000] BIOS-e820: [mem 0x00000000fee00000-0x00000000fee00fff] reserved
[    0.000000] BIOS-e820: [mem 0x00000000fffc0000-0x00000000ffffffff] reserved
[    0.000000] NX (Execute Disable) protection: active
[    0.000000] SMBIOS 2.5 present.
[    0.000000] DMI: innotek GmbH VirtualBox/VirtualBox, BIOS VirtualBox 12/01/2006
[    0.000000] Hypervisor detected: KVM
[    0.000000] e820: last_pfn = 0x7fff0 max_arch_pfn = 0x400000000
[    0.000000] MTRR: Disabled
[    0.000000] x86/PAT: MTRRs disabled, skipping PAT initialization too.
[    0.000000] CPU MTRRs all blank - virtualized system.
[    0.000000] x86/PAT: Configuration [0-7]: WB  WT  UC- UC  WB  WT  UC- UC  
[    0.000000] found SMP MP-table at [mem 0x0009fff0-0x0009ffff]
[    0.000000] Scanning 1 areas for low memory corruption
[    0.000000] RAMDISK: [mem 0x359cb000-0x36cdcfff]
[    0.000000] ACPI: Early table checksum verification disabled
[    0.000000] ACPI: RSDP 0x00000000000E0000 000024 (v02 VBOX  )
[    0.000000] ACPI: XSDT 0x000000007FFF0030 00003C (v01 VBOX   VBOXXSDT 00000001 ASL  00000061)
[    0.000000] ACPI: FACP 0x000000007FFF00F0 0000F4 (v04 VBOX   VBOXFACP 00000001 ASL  00000061)
[    0.000000] ACPI: DSDT 0x000000007FFF0610 002353 (v02 VBOX   VBOXBIOS 00000002 INTL 20100528)
[    0.000000] ACPI: FACS 0x000000007FFF0200 000040
[    0.000000] ACPI: FACS 0x000000007FFF0200 000040
[    0.000000] ACPI: APIC 0x000000007FFF0240 00005C (v02 VBOX   VBOXAPIC 00000001 ASL  00000061)
[    0.000000] ACPI: SSDT 0x000000007FFF02A0 00036C (v01 VBOX   VBOXCPUT 00000002 INTL 20100528)
[    0.000000] ACPI: Reserving FACP table memory at [mem 0x7fff00f0-0x7fff01e3]
[    0.000000] ACPI: Reserving DSDT table memory at [mem 0x7fff0610-0x7fff2962]
[    0.000000] ACPI: Reserving FACS table memory at [mem 0x7fff0200-0x7fff023f]
[    0.000000] ACPI: Reserving FACS table memory at [mem 0x7fff0200-0x7fff023f]
[    0.000000] ACPI: Reserving APIC table memory at [mem 0x7fff0240-0x7fff029b]
[    0.000000] ACPI: Reserving SSDT table memory at [mem 0x7fff02a0-0x7fff060b]
[    0.000000] No NUMA configuration found
[    0.000000] Faking a node at [mem 0x0000000000000000-0x000000007ffeffff]
[    0.000000] NODE_DATA(0) allocated [mem 0x7ffc5000-0x7ffeffff]
[    0.000000] kvm-clock: cpu 0, msr 0:7ff44001, primary cpu clock
[    0.000000] kvm-clock: Using msrs 4b564d01 and 4b564d00
[    0.000000] kvm-clock: using sched offset of 4364585793 cycles
[    0.000000] clocksource: kvm-clock: mask: 0xffffffffffffffff max_cycles: 0x1cd42e4dffb, max_idle_ns: 881590591483 ns
[    0.000000] Zone ranges:
[    0.000000]   DMA      [mem 0x0000000000001000-0x0000000000ffffff]
[    0.000000]   DMA32    [mem 0x0000000001000000-0x000000007ffeffff]
[    0.000000]   Normal   empty
[    0.000000]   Device   empty
[    0.000000] Movable zone start for each node
[    0.000000] Early memory node ranges
[    0.000000]   node   0: [mem 0x0000000000001000-0x000000000009efff]
[    0.000000]   node   0: [mem 0x0000000000100000-0x000000007ffeffff]
[    0.000000] Reserved but unavailable: 104 pages
[    0.000000] Initmem setup node 0 [mem 0x0000000000001000-0x000000007ffeffff]
[    0.000000] ACPI: PM-Timer IO Port: 0x4008
[    0.000000] IOAPIC[0]: apic_id 2, version 32, address 0xfec00000, GSI 0-23
[    0.000000] ACPI: INT_SRC_OVR (bus 0 bus_irq 0 global_irq 2 dfl dfl)
[    0.000000] ACPI: INT_SRC_OVR (bus 0 bus_irq 9 global_irq 9 low level)
[    0.000000] Using ACPI (MADT) for SMP configuration information
[    0.000000] smpboot: Allowing 2 CPUs, 0 hotplug CPUs
[    0.000000] PM: Registered nosave memory: [mem 0x00000000-0x00000fff]
[    0.000000] PM: Registered nosave memory: [mem 0x0009f000-0x0009ffff]
[    0.000000] PM: Registered nosave memory: [mem 0x000a0000-0x000effff]
[    0.000000] PM: Registered nosave memory: [mem 0x000f0000-0x000fffff]
[    0.000000] e820: [mem 0x80000000-0xfebfffff] available for PCI devices
[    0.000000] Booting paravirtualized kernel on KVM
[    0.000000] clocksource: refined-jiffies: mask: 0xffffffff max_cycles: 0xffffffff, max_idle_ns: 7645519600211568 ns
[    0.000000] setup_percpu: NR_CPUS:8192 nr_cpumask_bits:2 nr_cpu_ids:2 nr_node_ids:1
[    0.000000] percpu: Embedded 50 pages/cpu s167936 r8192 d28672 u1048576
[    0.000000] PV qspinlock hash table entries: 256 (order: 0, 4096 bytes)
[    0.000000] Built 1 zonelists, mobility grouping on.  Total pages: 515961
[    0.000000] Policy zone: DMA32
[    0.000000] Kernel command line: BOOT_IMAGE=/boot/vmlinuz-4.15.0-212-generic root=LABEL=cloudimg-rootfs ro console=tty1 console=ttyS0
[    0.000000] Memory: 2014836K/2096696K available (12300K kernel code, 2477K rwdata, 4324K rodata, 2480K init, 2720K bss, 81860K reserved, 0K cma-reserved)
[    0.000000] SLUB: HWalign=64, Order=0-3, MinObjects=0, CPUs=2, Nodes=1
[    0.000000] ftrace: allocating 39508 entries in 155 pages
[    0.004000] Hierarchical RCU implementation.
[    0.004000] 	RCU restricting CPUs from NR_CPUS=8192 to nr_cpu_ids=2.
[    0.004000] 	Tasks RCU enabled.
[    0.004000] RCU: Adjusting geometry for rcu_fanout_leaf=16, nr_cpu_ids=2
[    0.004000] NR_IRQS: 524544, nr_irqs: 440, preallocated irqs: 16
[    0.004000] random: crng init done
[    0.004000] Console: colour VGA+ 80x25
[    0.004000] console [tty1] enabled
[    0.004000] console [ttyS0] enabled
[    0.004000] ACPI: Core revision 20170831
[    0.004000] ACPI: 2 ACPI AML tables successfully acquired and loaded
[    0.004000] APIC: Switch to symmetric I/O mode setup
[    0.008000] ..TIMER: vector=0x30 apic1=0 pin1=2 apic2=-1 pin2=-1
[    0.008008] tsc: Detected 2918.410 MHz processor
[    0.012009] Calibrating delay loop (skipped) preset value.. 5836.82 BogoMIPS (lpj=11673640)
[    0.016009] pid_max: default: 32768 minimum: 301
[    0.020182] Security Framework initialized
[    0.024008] Yama: becoming mindful.
[    0.028063] AppArmor: AppArmor initialized
[    0.042566] Dentry cache hash table entries: 262144 (order: 9, 2097152 bytes)
[    0.048670] Inode-cache hash table entries: 131072 (order: 8, 1048576 bytes)
[    0.052090] Mount-cache hash table entries: 4096 (order: 3, 32768 bytes)
[    0.056214] Mountpoint-cache hash table entries: 4096 (order: 3, 32768 bytes)
[    0.061540] Last level iTLB entries: 4KB 0, 2MB 0, 4MB 0
[    0.064009] Last level dTLB entries: 4KB 0, 2MB 0, 4MB 0, 1GB 0
[    0.068006] Spectre V1 : Mitigation: usercopy/swapgs barriers and __user pointer sanitization
[    0.072006] Spectre V2 : Mitigation: Enhanced IBRS
[    0.076003] Spectre V2 : Spectre v2 / SpectreRSB mitigation: Filling RSB on context switch
[    0.080007] Spectre V2 : Spectre v2 / PBRSB-eIBRS: Retire a single CALL on VMEXIT
[    0.084007] RETBleed: Mitigation: Enhanced IBRS
[    0.088006] Speculative Store Bypass: Vulnerable
[    0.092342] Freeing SMP alternatives memory: 36K
[    0.212489] APIC calibration not consistent with PM-Timer: 101ms instead of 100ms
[    0.216000] APIC delta adjusted to PM-Timer: 6278343 (6403488)
[    0.216508] smpboot: CPU0: 12th Gen Intel(R) Core(TM) i9-12900H (family: 0x6, model: 0x9a, stepping: 0x3)
[    0.220239] Performance Events: unsupported p6 CPU model 154 no PMU driver, software events only.
[    0.224250] Hierarchical SRCU implementation.
[    0.228305] NMI watchdog: Perf event create on CPU 0 failed with -2
[    0.232002] NMI watchdog: Perf NMI watchdog permanently disabled
[    0.236505] smp: Bringing up secondary CPUs ...
[    0.241016] x86: Booting SMP configuration:
[    0.244124] .... node  #0, CPUs:      #1
[    0.004000] kvm-clock: cpu 1, msr 0:7ff44041, secondary cpu clock
[    0.260000] TSC synchronization [CPU#0 -> CPU#1]:
[    0.260000] Measured 176013 cycles TSC warp between CPUs, turning off TSC clock.
[    0.260000] tsc: Marking TSC unstable due to check_tsc_sync_source failed
[    0.264148] smp: Brought up 1 node, 2 CPUs
[    0.268011] smpboot: Max logical packages: 1
[    0.272010] smpboot: Total of 2 processors activated (11673.64 BogoMIPS)
[    0.280042] devtmpfs: initialized
[    0.288077] x86/mm: Memory block size: 128MB
[    0.292897] evm: security.selinux
[    0.296003] evm: security.SMACK64
[    0.300002] evm: security.SMACK64EXEC
[    0.304009] evm: security.SMACK64TRANSMUTE
[    0.308002] evm: security.SMACK64MMAP
[    0.312006] evm: security.apparmor
[    0.316006] evm: security.ima
[    0.320008] evm: security.capability
[    0.328244] clocksource: jiffies: mask: 0xffffffff max_cycles: 0xffffffff, max_idle_ns: 7645041785100000 ns
[    0.332027] futex hash table entries: 512 (order: 3, 32768 bytes)
[    0.336252] pinctrl core: initialized pinctrl subsystem
[    0.340959] RTC time: 17:11:05, date: 05/25/24
[    0.349159] NET: Registered protocol family 16
[    0.352113] audit: initializing netlink subsys (disabled)
[    0.356178] audit: type=2000 audit(1716657070.684:1): state=initialized audit_enabled=0 res=1
[    0.372018] cpuidle: using governor ladder
[    0.376022] cpuidle: using governor menu
[    0.380035] ACPI: bus type PCI registered
[    0.383141] acpiphp: ACPI Hot Plug PCI Controller Driver version: 0.5
[    0.384398] PCI: Using configuration type 1 for base access
[    0.396014] HugeTLB registered 2.00 MiB page size, pre-allocated 0 pages
[    0.408220] ACPI: Added _OSI(Module Device)
[    0.412008] ACPI: Added _OSI(Processor Device)
[    0.416003] ACPI: Added _OSI(3.0 _SCP Extensions)
[    0.420008] ACPI: Added _OSI(Processor Aggregator Device)
[    0.424009] ACPI: Added _OSI(Linux-Dell-Video)
[    0.428003] ACPI: Added _OSI(Linux-Lenovo-NV-HDMI-Audio)
[    0.432004] ACPI: Added _OSI(Linux-HPI-Hybrid-Graphics)
[    0.437545] ACPI: Executed 1 blocks of module-level executable AML code
[    0.448693] ACPI: Interpreter enabled
[    0.452012] ACPI: (supports S0 S5)
[    0.455035] ACPI: Using IOAPIC for interrupt routing
[    0.456648] PCI: Using host bridge windows from ACPI; if necessary, use "pci=nocrs" and report a bug
[    0.460512] ACPI: Enabled 2 GPEs in block 00 to 07
[    0.483341] ACPI: PCI Root Bridge [PCI0] (domain 0000 [bus 00-ff])
[    0.484019] acpi PNP0A03:00: _OSC: OS supports [ASPM ClockPM Segments MSI]
[    0.489237] acpi PNP0A03:00: _OSC: not requesting OS control; OS requires [ExtendedConfig ASPM ClockPM MSI]
[    0.492011] acpi PNP0A03:00: fail to add MMCONFIG information, can't access extended PCI configuration space under this bridge.
[    0.497252] PCI host bridge to bus 0000:00
[    0.500005] pci_bus 0000:00: root bus resource [io  0x0000-0x0cf7 window]
[    0.504012] pci_bus 0000:00: root bus resource [io  0x0d00-0xffff window]
[    0.508011] pci_bus 0000:00: root bus resource [mem 0x000a0000-0x000bffff window]
[    0.512005] pci_bus 0000:00: root bus resource [mem 0x80000000-0xfdffffff window]
[    0.516182] pci_bus 0000:00: root bus resource [bus 00-ff]
[    0.530496] pci 0000:00:01.1: legacy IDE quirk: reg 0x10: [io  0x01f0-0x01f7]
[    0.532013] pci 0000:00:01.1: legacy IDE quirk: reg 0x14: [io  0x03f6]
[    0.536010] pci 0000:00:01.1: legacy IDE quirk: reg 0x18: [io  0x0170-0x0177]
[    0.540010] pci 0000:00:01.1: legacy IDE quirk: reg 0x1c: [io  0x0376]
[    0.579053] pci 0000:00:07.0: quirk: [io  0x4000-0x403f] claimed by PIIX4 ACPI
[    0.580067] pci 0000:00:07.0: quirk: [io  0x4100-0x410f] claimed by PIIX4 SMB
[    0.597487] ACPI: PCI Interrupt Link [LNKA] (IRQs 5 9 10 *11)
[    0.600907] ACPI: PCI Interrupt Link [LNKB] (IRQs 5 9 *10 11)
[    0.604303] ACPI: PCI Interrupt Link [LNKC] (IRQs 5 *9 10 11)
[    0.608370] ACPI: PCI Interrupt Link [LNKD] (IRQs 5 9 10 *11)
[    0.613233] SCSI subsystem initialized
[    0.620399] pci 0000:00:02.0: vgaarb: setting as boot VGA device
[    0.624000] pci 0000:00:02.0: vgaarb: VGA device added: decodes=io+mem,owns=io+mem,locks=none
[    0.624013] pci 0000:00:02.0: vgaarb: bridge control possible
[    0.628003] vgaarb: loaded
[    0.632070] ACPI: bus type USB registered
[    0.640014] usbcore: registered new interface driver usbfs
[    0.644027] usbcore: registered new interface driver hub
[    0.648073] usbcore: registered new device driver usb
[    0.656199] EDAC MC: Ver: 3.0.0
[    0.664447] PCI: Using ACPI for IRQ routing
[    0.668610] NetLabel: Initializing
[    0.672002] NetLabel:  domain hash size = 128
[    0.675110] NetLabel:  protocols = UNLABELED CIPSOv4 CALIPSO
[    0.676020] NetLabel:  unlabeled traffic allowed by default
[    0.684339] clocksource: Switched to clocksource kvm-clock
[    0.702619] VFS: Disk quotas dquot_6.6.0
[    0.702619] VFS: Dquot-cache hash table entries: 512 (order 0, 4096 bytes)
[    0.702619] AppArmor: AppArmor Filesystem Enabled
[    0.702619] pnp: PnP ACPI init
[    0.702619] pnp: PnP ACPI: found 3 devices
[    0.825089] clocksource: acpi_pm: mask: 0xffffff max_cycles: 0xffffff, max_idle_ns: 2085701024 ns
[    0.829001] NET: Registered protocol family 2
[    0.829001] IP idents hash table entries: 32768 (order: 6, 262144 bytes)
[    0.894373] TCP established hash table entries: 16384 (order: 5, 131072 bytes)
[    0.901159] TCP bind hash table entries: 16384 (order: 6, 262144 bytes)
[    0.914675] TCP: Hash tables configured (established 16384 bind 16384)
[    0.923502] UDP hash table entries: 1024 (order: 3, 32768 bytes)
[    0.926462] UDP-Lite hash table entries: 1024 (order: 3, 32768 bytes)
[    0.926462] NET: Registered protocol family 1
[    0.926462] pci 0000:00:00.0: Limiting direct PCI/PCI transfers
[    0.926462] pci 0000:00:01.0: Activating ISA DMA hang workarounds
[    0.926462] pci 0000:00:02.0: Video device with shadowed ROM at [mem 0x000c0000-0x000dffff]
[    0.926462] Unpacking initramfs...
[    1.486404] Freeing initrd memory: 19528K
[    1.833004] clocksource: tsc: mask: 0xffffffffffffffff max_cycles: 0x2a11328d4e4, max_idle_ns: 440795313893 ns
[    1.852721] platform rtc_cmos: registered platform RTC device (no PNP device found)
[    1.867878] Scanning for low memory corruption every 60 seconds
[    1.882145] Initialise system trusted keyrings
[    1.890470] Key type blacklist registered
[    1.898718] workingset: timestamp_bits=36 max_order=19 bucket_order=0
[    1.913326] zbud: loaded
[    1.922185] squashfs: version 4.0 (2009/01/31) Phillip Lougher
[    1.934975] fuse init (API version 7.26)
[    1.971227] Key type asymmetric registered
[    1.978876] Asymmetric key parser 'x509' registered
[    1.986675] Block layer SCSI generic (bsg) driver version 0.4 loaded (major 246)
[    1.996355] io scheduler noop registered
[    2.004463] io scheduler deadline registered
[    2.013154] io scheduler cfq registered (default)
[    2.023646] ACPI: AC Adapter [AC] (off-line)
[    2.033591] input: Power Button as /devices/LNXSYSTM:00/LNXPWRBN:00/input/input0
[    2.048013] ACPI: Power Button [PWRF]
[    2.056278] input: Sleep Button as /devices/LNXSYSTM:00/LNXSLPBN:00/input/input1
[    2.069772] ACPI: Sleep Button [SLPF]
[    2.081806] ACPI: Battery Slot [BAT0] (battery present)
[    2.089767] Serial: 8250/16550 driver, 32 ports, IRQ sharing enabled
[    2.136918] 00:02: ttyS0 at I/O 0x3f8 (irq = 4, base_baud = 115200) is a 16550A
[    2.184660] Linux agpgart interface v0.103
[    2.208256] loop: module loaded
[    2.218997] scsi host0: ata_piix
[    2.227238] scsi host1: ata_piix
[    2.233756] ata1: PATA max UDMA/33 cmd 0x1f0 ctl 0x3f6 bmdma 0xd000 irq 14
[    2.243258] ata2: PATA max UDMA/33 cmd 0x170 ctl 0x376 bmdma 0xd008 irq 15
[    2.254252] tun: Universal TUN/TAP device driver, 1.6
[    2.265069] PPP generic driver version 2.4.2
[    2.275047] ehci_hcd: USB 2.0 'Enhanced' Host Controller (EHCI) Driver
[    2.286107] ehci-pci: EHCI PCI platform driver
[    2.293572] ehci-platform: EHCI generic platform driver
[    2.301250] ohci_hcd: USB 1.1 'Open' Host Controller (OHCI) Driver
[    2.311511] ohci-pci: OHCI PCI platform driver
[    2.318350] ohci-platform: OHCI generic platform driver
[    2.324960] uhci_hcd: USB Universal Host Controller Interface driver
[    2.335291] i8042: PNP: PS/2 Controller [PNP0303:PS2K,PNP0f03:PS2M] at 0x60,0x64 irq 1,12
[    2.352360] serio: i8042 KBD port at 0x60,0x64 irq 1
[    2.356741] serio: i8042 AUX port at 0x60,0x64 irq 12
[    2.363125] mousedev: PS/2 mouse device common for all mice
[    2.376706] input: AT Translated Set 2 keyboard as /devices/platform/i8042/serio0/input/input2
[    2.377035] rtc_cmos rtc_cmos: rtc core: registered rtc_cmos as rtc0
[    2.396391] rtc_cmos rtc_cmos: alarms up to one day, 114 bytes nvram
[    2.403956] i2c /dev entries driver
[    2.409701] device-mapper: uevent: version 1.0.3
[    2.413722] device-mapper: ioctl: 4.37.0-ioctl (2017-09-20) initialised: dm-devel@redhat.com
[    2.423657] ledtrig-cpu: registered to indicate activity on CPUs
[    2.431126] NET: Registered protocol family 10
[    2.513534] Segment Routing with IPv6
[    2.520319] NET: Registered protocol family 17
[    2.526802] Key type dns_resolver registered
[    2.535243] mce: Using 0 MCE banks
[    2.539661] RAS: Correctable Errors collector initialized.
[    2.546445] sched_clock: Marking stable (2546345024, 0)->(3774076148, -1227731124)
[    2.559112] registered taskstats version 1
[    2.562775] Loading compiled-in X.509 certificates
[    2.573279] Loaded X.509 cert 'Build time autogenerated kernel key: b5b26778eaa3ab3a4a6cee031137706e947d12ad'
[    2.587183] Loaded X.509 cert 'Canonical Ltd. Live Patch Signing: 14df34d1a87cf37625abec039ef2bf521249b969'
[    2.601789] Loaded X.509 cert 'Canonical Ltd. Kernel Module Signing: 88f752e560a1e0737e31163a466ad7b70a850c19'
[    2.615936] blacklist: Loading compiled-in revocation X.509 certificates
[    2.627243] Loaded X.509 cert 'Canonical Ltd. Secure Boot Signing: 61482aa2830d0ab2ad5af10b7250da9033ddcef0'
[    2.642291] Loaded X.509 cert 'Canonical Ltd. Secure Boot Signing (2017): 242ade75ac4a15e50d50c84b0d45ff3eae707a03'
[    2.658592] Loaded X.509 cert 'Canonical Ltd. Secure Boot Signing (ESM 2018): 365188c1d374d6b07c3c8f240f8ef722433d6a8b'
[    2.673498] Loaded X.509 cert 'Canonical Ltd. Secure Boot Signing (2019): c0746fd6c5da3ae827864651ad66ae47fe24b3e8'
[    2.688303] Loaded X.509 cert 'Canonical Ltd. Secure Boot Signing (2021 v1): a8d54bbb3825cfb94fa13c9f8a594a195c107b8d'
[    2.700515] Loaded X.509 cert 'Canonical Ltd. Secure Boot Signing (2021 v2): 4cf046892d6fd3c9a5b03f98d845f90851dc6a8c'
[    2.714329] Loaded X.509 cert 'Canonical Ltd. Secure Boot Signing (2021 v3): 100437bb6de6e469b581e61cd66bce3ef4ed53af'
[    2.729954] Loaded X.509 cert 'Canonical Ltd. Secure Boot Signing (Ubuntu Core 2019): c1d57b8f6b743f23ee41f4f7ee292f06eecadfb9'
[    2.746383] zswap: loaded using pool lzo/zbud
[    2.766537] Key type big_key registered
[    2.771908] Key type trusted registered
[    2.783120] Key type encrypted registered
[    2.790807] AppArmor: AppArmor sha1 policy hashing enabled
[    2.799693] ima: No TPM chip found, activating TPM-bypass! (rc=-19)
[    2.810716] ima: Allocated hash algorithm: sha1
[    2.817249] evm: HMAC attrs: 0x1
[    2.822835]   Magic number: 8:293:189
[    2.831882] rtc_cmos rtc_cmos: setting system clock to 2024-05-25 17:11:08 UTC (1716657068)
[    2.845390] BIOS EDD facility v0.16 2004-Jun-25, 0 devices found
[    2.852880] EDD information not available.
[    2.862889] Freeing unused kernel image memory: 2480K
[    3.303156] Write protecting the kernel read-only data: 20480k
[    3.321300] Freeing unused kernel image memory: 2008K
[    3.335303] Freeing unused kernel image memory: 1820K
[    3.355637] x86/mm: Checked W+X mappings: passed, no W+X pages found.
Loading, please wait...
starting version 237
[    3.646715] e1000: Intel(R) PRO/1000 Network Driver - version 7.3.21-k8-NAPI
[    3.672607] e1000: Copyright (c) 1999-2006 Intel Corporation.
[    3.756527] Fusion MPT base driver 3.04.20
[    3.765199] Copyright (c) 1999-2008 LSI Corporation
[    4.061058] SSE version of gcm_enc/dec engaged.
[    4.078735] Fusion MPT SPI Host driver 3.04.20
[    4.301920] input: ImExPS/2 Generic Explorer Mouse as /devices/platform/i8042/serio1/input/input4
[    5.037902] e1000 0000:00:03.0 eth0: (PCI:33MHz:32-bit) 02:3b:7b:b7:3b:2d
[    5.049519] e1000 0000:00:03.0 eth0: Intel(R) PRO/1000 Network Connection
[    5.066419] mptbase: ioc0: Initiating bringup
[    5.073332] e1000 0000:00:03.0 enp0s3: renamed from eth0
[    5.202362] ioc0: LSI53C1030 A0: Capabilities={Initiator}
[    7.072914] scsi host2: ioc0: LSI53C1030 A0, FwRev=00000000h, Ports=1, MaxQ=256, IRQ=20
[    7.494005] scsi 2:0:0:0: Direct-Access     VBOX     HARDDISK         1.0  PQ: 0 ANSI: 5
[    8.136110] scsi target2:0:0: Beginning Domain Validation
[    8.159536] scsi target2:0:0: Domain Validation skipping write tests
[    8.172595] scsi target2:0:0: Ending Domain Validation
[    8.183504] scsi target2:0:0: asynchronous
[    8.195219] scsi 2:0:1:0: Direct-Access     VBOX     HARDDISK         1.0  PQ: 0 ANSI: 5
[    8.292351] scsi target2:0:1: Beginning Domain Validation
[    8.314866] scsi target2:0:1: Domain Validation skipping write tests
[    8.324719] scsi target2:0:1: Ending Domain Validation
[    8.333241] scsi target2:0:1: asynchronous
[    8.362204] sd 2:0:0:0: Attached scsi generic sg0 type 0
[    8.373010] sd 2:0:1:0: Attached scsi generic sg1 type 0
[    8.383725] sd 2:0:0:0: [sda] 83886080 512-byte logical blocks: (42.9 GB/40.0 GiB)
[    8.396241] sd 2:0:1:0: [sdb] 20480 512-byte logical blocks: (10.5 MB/10.0 MiB)
[    8.396818] sd 2:0:1:0: [sdb] Write Protect is off
[    8.418137] sd 2:0:0:0: [sda] Write Protect is off
[    8.418389] sd 2:0:1:0: [sdb] Incomplete mode parameter data
[    8.435229] sd 2:0:1:0: [sdb] Assuming drive cache: write through
[    8.446787] sd 2:0:0:0: [sda] Incomplete mode parameter data
[    8.457601] sd 2:0:0:0: [sda] Assuming drive cache: write through
[    8.458482] sd 2:0:1:0: [sdb] Attached SCSI disk
[    8.490674]  sda: sda1
[    8.503146] sd 2:0:0:0: [sda] Attached SCSI disk
Begin: Loading essential drivers ... [   12.076180] raid6: sse2x1   gen()  5974 MB/s
[   12.132643] raid6: sse2x1   xor()  3668 MB/s
[   12.188737] raid6: sse2x2   gen()  7481 MB/s
[   12.244897] raid6: sse2x2   xor()  4563 MB/s
[   12.300146] raid6: sse2x4   gen()  9573 MB/s
[   12.351993] raid6: sse2x4   xor()  4406 MB/s
[   12.357877] raid6: using algorithm sse2x4 gen() 9573 MB/s
[   12.365505] raid6: .... xor() 4406 MB/s, rmw enabled
[   12.372867] raid6: using ssse3x2 recovery algorithm
[   12.383265] xor: measuring software checksum speed
[   12.428178]    prefetch64-sse: 10348.000 MB/sec
[   12.472285]    generic_sse:  9208.000 MB/sec
[   12.478785] xor: using function: prefetch64-sse (10348.000 MB/sec)
[   12.491447] async_tx: api initialized (async)
done.
Begin: Running /scripts/init-premount ... done.
Begin: Mounting root file system ... Begin: Running /scripts/local-top ... done.
Begin: Running /scripts/local-premount ... [   12.610533] Btrfs loaded, crc32c=crc32c-intel
Scanning for Btrfs filesystems
done.
Warning: fsck not present, so skipping root file system
[   12.733538] EXT4-fs (sda1): mounted filesystem with ordered data mode. Opts: (null)
done.
Begin: Running /scripts/local-bottom ... done.
Begin: Running /scripts/init-bottom ... done.
[   13.113071] ip_tables: (C) 2000-2006 Netfilter Core Team
[   13.143932] systemd[1]: systemd 237 running in system mode. (+PAM +AUDIT +SELINUX +IMA +APPARMOR +SMACK +SYSVINIT +UTMP +LIBCRYPTSETUP +GCRYPT +GNUTLS +ACL +XZ +LZ4 +SECCOMP +BLKID +ELFUTILS +KMOD -IDN2 +IDN -PCRE2 default-hierarchy=hybrid)
[   13.179283] systemd[1]: Detected virtualization oracle.
[   13.188522] systemd[1]: Detected architecture x86-64.

Welcome to [1mUbuntu 18.04.6 LTS[0m!

[   13.257858] systemd[1]: Set hostname to <ubuntu>.
[   13.274463] systemd[1]: Initializing machine ID from random generator.
[   13.284890] systemd[1]: Installed transient /etc/machine-id file.
[   14.002916] systemd[1]: Created slice System Slice.
[[0;32m  OK  [0m] Created slice System Slice.
[   14.020936] systemd[1]: Listening on Journal Socket (/dev/log).
[[0;32m  OK  [0m] Listening on Journal Socket (/dev/log).
[   14.040815] systemd[1]: Listening on LVM2 metadata daemon socket.
[[0;32m  OK  [0m] Listening on LVM2 metadata daemon socket.
[   14.065642] systemd[1]: Listening on /dev/initctl Compatibility Named Pipe.
[[0;32m  OK  [0m] Listening on /dev/initctl Compatibility Named Pipe.
[[0;32m  OK  [0m] Listening on Device-mapper event daemon FIFOs.
[[0;32m  OK  [0m] Listening on Syslog Socket.
[[0;32m  OK  [0m] Listening on LVM2 poll daemon socket.
[[0;32m  OK  [0m] Reached target System Time Synchronized.
[[0;32m  OK  [0m] Created slice system-serial\x2dgetty.slice.
[[0;32m  OK  [0m] Reached target Swap.
[[0;32m  OK  [0m] Reached target Mounting snaps.
[[0;32m  OK  [0m] Reached target Mounted snaps.
[[0;32m  OK  [0m] Listening on udev Control Socket.
[[0;32m  OK  [0m] Reached target User and Group Name Lookups.
[[0;32m  OK  [0m] Listening on Journal Socket.
         Starting Uncomplicated firewall...
[[0;32m  OK  [0m] Set up automount Arbitrary Executab…rmats File System Automount Point.
[[0;32m  OK  [0m] Created slice User and Session Slice.
[[0;32m  OK  [0m] Reached target Slices.
[[0;32m  OK  [0m] Listening on udev Kernel Socket.
         Starting udev Coldplug all Devices...
[[0;32m  OK  [0m] Listening on Journal Audit Socket.
         Starting Set the console keyboard layout...
         Starting Load Kernel Modules...
         Mounting POSIX Message Queue File System...
[[0;32m  OK  [0m] Listening on fsck to fsckd communication Socket.
         Starting File System Check on Root Device...
         Starting Monitoring of LVM2 mirrors…ng dmeventd or progress polling...
         Starting Create list of required st…ce nodes for the current kernel...
[[0;32m  OK  [0m] Listening on Network Service Netlink Socket.
         Mounting Kernel Debug File System...
         Mounting Huge Pages File System...
[   14.659121] Loading iSCSI transport class v2.0-870.
         Starting Journal Service...
[[0;32m  OK  [0m] Started Forward Password Requests to Wall Directory Watch.
[[0;32m  OK  [0m] Started Uncomplicated firewall.
[[0;32m  OK  [0m] Mounted POSIX Message Queue File System.
[[0;32m  OK  [0m] Mounted Kernel Debug File System.
[[0;32m  OK  [0m] Mounted Huge Pages File System.
[[0;32m  OK  [0m] Started File System Check Daemon to report status.
[[0;32m  OK  [0m] Started udev Coldplug all Devices.
[   14.982660] iscsi: registered transport (tcp)
[[0;32m  OK  [0m] Started LVM2 metadata daemon.
[[0;32m  OK  [0m] Started Create list of required sta…vice nodes for the current kernel.
         Starting Create Static Device Nodes in /dev...
[[0;32m  OK  [0m] Started File System Check on Root Device.
         Starting Remount Root and Kernel File Systems...
[[0;32m  OK  [0m] Started Create Static Device Nodes in /dev.
[[0;32m  OK  [0m] Started Journal Service.
[   15.467655] EXT4-fs (sda1): re-mounted. Opts: (null)
[[0;32m  OK  [0m] Started Remount Root and Kernel File Systems.
         Starting Load/Save Random Seed...
         Starting udev Kernel Device Manager...
         Starting Flush Journal to Persistent Storage...
[[0;32m  OK  [0m] Started Monitoring of LVM2 mirrors,…sing dmeventd or progress polling.
[[0;32m  OK  [0m] Started Load/Save Random Seed.
[   15.714054] iscsi: registered transport (iser)
[   15.720625] systemd-journald[409]: Received request to flush runtime journal from PID 1
[[0;32m  OK  [0m] Started Load Kernel Modules.
         Mounting FUSE Control File System...
         Mounting Kernel Configuration File System...
         Starting Apply Kernel Variables...
[[0;32m  OK  [0m] Mounted FUSE Control File System.
[[0;32m  OK  [0m] Mounted Kernel Configuration File System.
[[0;32m  OK  [0m] Started udev Kernel Device Manager.
[[0;32m  OK  [0m] Started Apply Kernel Variables.
[[0;32m  OK  [0m] Started Flush Journal to Persistent Storage.
[[0;32m  OK  [0m] Found device /dev/ttyS0.
[[0;32m  OK  [0m] Listening on Load/Save RF Kill Switch Status /dev/rfkill Watch.
[[0;32m  OK  [0m] Started Set the console keyboard layout.
         Mounting Arbitrary Executable File Formats File System...
[[0;32m  OK  [0m] Reached target Local File Systems (Pre).
[[0;32m  OK  [0m] Reached target Local File Systems.
         Starting ebtables ruleset management...
         Starting Commit a transient machine-id on disk...
         Starting Set console font and keymap...
         Starting Create Volatile Files and Directories...
         Starting Tell Plymouth To Write Out Runtime Data...
         Starting AppArmor initialization...
[[0;32m  OK  [0m] Started Dispatch Password Requests to Console Directory Watch.
[[0;32m  OK  [0m] Reached target Local Encrypted Volumes.
[[0;32m  OK  [0m] Mounted Arbitrary Executable File Formats File System.
[[0;32m  OK  [0m] Started Tell Plymouth To Write Out Runtime Data.
[[0;32m  OK  [0m] Started Create Volatile Files and Directories.
         Starting Update UTMP about System Boot/Shutdown...
[[0;32m  OK  [0m] Started Commit a transient machine-id on disk.
[[0;32m  OK  [0m] Started Update UTMP about System Boot/Shutdown.
[[0;32m  OK  [0m] Started ebtables ruleset management.
[[0;32m  OK  [0m] Started AppArmor initialization.
         Starting Load AppArmor profiles managed internally by snapd...
         Starting Initial cloud-init job (pre-networking)...
[[0;32m  OK  [0m] Started Load AppArmor profiles managed internally by snapd.
[[0;32m  OK  [0m] Started Set console font and keymap.
[   23.297077] cloud-init[758]: Cloud-init v. 23.1.2-0ubuntu0~18.04.1 running 'init-local' at Sat, 25 May 2024 17:11:28 +0000. Up 22.70 seconds.
[[0;32m  OK  [0m] Started Initial cloud-init job (pre-networking).
[[0;32m  OK  [0m] Reached target Network (Pre).
         Starting Network Service...
[[0;32m  OK  [0m] Started Network Service.
         Starting Wait for Network to be Configured...
         Starting Network Name Resolution...
[[0;32m  OK  [0m] Started Network Name Resolution.
[[0;32m  OK  [0m] Reached target Host and Network Name Lookups.
[[0;32m  OK  [0m] Reached target Network.
[[0;32m  OK  [0m] Started Wait for Network to be Configured.
         Starting Initial cloud-init job (metadata service crawler)...
[   25.607588] cloud-init[900]: Cloud-init v. 23.1.2-0ubuntu0~18.04.1 running 'init' at Sat, 25 May 2024 17:11:31 +0000. Up 25.33 seconds.
[   25.620985] cloud-init[900]: ci-info: ++++++++++++++++++++++++++++++++++++++Net device info++++++++++++++++++++++++++++++++++++++
[   25.631160] cloud-init[900]: ci-info: +--------+------+----------------------------+---------------+--------+-------------------+
[   25.641581] cloud-init[900]: ci-info: | Device |  Up  |          Address           |      Mask     | Scope  |     Hw-Address    |
[   25.651377] cloud-init[900]: ci-info: +--------+------+----------------------------+---------------+--------+-------------------+
[   25.661339] cloud-init[900]: ci-info: | enp0s3 | True |         10.0.2.15          | 255.255.255.0 | global | 02:3b:7b:b7:3b:2d |
[   25.670280] cloud-init[900]: ci-info: | enp0s3 | True | fe80::3b:7bff:feb7:3b2d/64 |       .       |  link  | 02:3b:7b:b7:3b:2d |
[   25.681346] cloud-init[900]: ci-info: |   lo   | True |         127.0.0.1          |   255.0.0.0   |  host  |         .         |
[   25.690409] cloud-init[900]: ci-info: |   lo   | True |          ::1/128           |       .       |  host  |         .         |
[   25.700575] cloud-init[900]: ci-info: +--------+------+----------------------------+---------------+--------+-------------------+
[   25.710020] cloud-init[900]: ci-info: ++++++++++++++++++++++++++++Route IPv4 info+++++++++++++++++++++++++++++
[   25.719917] cloud-init[900]: ci-info: +-------+-------------+----------+-----------------+-----------+-------+
[   25.729823] cloud-init[900]: ci-info: | Route | Destination | Gateway  |     Genmask     | Interface | Flags |
[   25.739678] cloud-init[900]: ci-info: +-------+-------------+----------+-----------------+-----------+-------+
[   25.750156] cloud-init[900]: ci-info: |   0   |   0.0.0.0   | 10.0.2.2 |     0.0.0.0     |   enp0s3  |   UG  |
[   25.761773] cloud-init[900]: ci-info: |   1   |   10.0.2.0  | 0.0.0.0  |  255.255.255.0  |   enp0s3  |   U   |
[   25.771479] cloud-init[900]: ci-info: |   2   |   10.0.2.2  | 0.0.0.0  | 255.255.255.255 |   enp0s3  |   UH  |
[   25.782426] cloud-init[900]: ci-info: +-------+-------------+----------+-----------------+-----------+-------+
[   25.791140] cloud-init[900]: ci-info: +++++++++++++++++++Route IPv6 info+++++++++++++++++++
[   25.799803] cloud-init[900]: ci-info: +-------+-------------+---------+-----------+-------+
[   25.808005] cloud-init[900]: ci-info: | Route | Destination | Gateway | Interface | Flags |
[   25.816064] cloud-init[900]: ci-info: +-------+-------------+---------+-----------+-------+
[   25.824965] cloud-init[900]: ci-info: |   1   |  fe80::/64  |    ::   |   enp0s3  |   U   |
[   25.833059] cloud-init[900]: ci-info: |   3   |    local    |    ::   |   enp0s3  |   U   |
[   25.841208] cloud-init[900]: ci-info: |   4   |   ff00::/8  |    ::   |   enp0s3  |   U   |
[   25.849041] cloud-init[900]: ci-info: +-------+-------------+---------+-----------+-------+
[   27.154491] cloud-init[900]: Generating public/private rsa key pair.
[   27.158254] cloud-init[900]: Your identification has been saved in /etc/ssh/ssh_host_rsa_key.
[   27.163564] cloud-init[900]: Your public key has been saved in /etc/ssh/ssh_host_rsa_key.pub.
[   27.168593] cloud-init[900]: The key fingerprint is:
[   27.171185] cloud-init[900]: SHA256:PPw2AJIEb1N6mBEbNPRvhXXeM3aoxEUriMY4cZAklU8 root@ubuntu-bionic
[   27.177183] cloud-init[900]: The key's randomart image is:
[   27.184678] cloud-init[900]: +---[RSA 2048]----+
[   27.191024] cloud-init[900]: |  .+X+*+. . ..o  |
[   27.198414] cloud-init[900]: |   o &o=E+ = o o |
[   27.204824] cloud-init[900]: |    @ *o= o = B .|
[   27.211162] cloud-init[900]: |   . + B.. . + + |
[   27.217539] cloud-init[900]: |        S   .    |
[   27.223726] cloud-init[900]: |       . +       |
[   27.230587] cloud-init[900]: |          +      |
[   27.237611] cloud-init[900]: |         . .     |
[   27.244309] cloud-init[900]: |                 |
[   27.253448] cloud-init[900]: +----[SHA256]-----+
[   27.261775] cloud-init[900]: Generating public/private dsa key pair.
[   27.271427] cloud-init[900]: Your identification has been saved in /etc/ssh/ssh_host_dsa_key.
[   27.284983] cloud-init[900]: Your public key has been saved in /etc/ssh/ssh_host_dsa_key.pub.[[0;32m  OK  [0m] Started Initial cloud-init job (metadata service crawler).
[[0;32m  OK  [0m] Reached target Network is Online.
[[0;32m  OK  [0m] Reached target Remote File Systems (Pre).
[[0;32m  OK  [0m] Reached target Remote File Systems.
         Starting Availability of block devices...
[[0;32m  OK  [0m] Reached target System Initialization.
[[0;32m  OK  [0m] Started Message of the Day.
[[0;32m  OK  [0m] Listening on Open-iSCSI iscsid Socket.
[[0;32m  OK  [0m] Listening on UUID daemon activation socket.
[[0;32m  OK  [0m] Started Discard unused blocks once a week.
[[0;32m  OK  [0m] Started Daily Cleanup of Temporary Directories.
         Starting Socket activation for snappy daemon.
         Starting LXD - unix socket.
[[0;32m  OK  [0m] Started Daily apt download activities.
[[0;32m  OK  [0m] Listening on cloud-init hotplug hook socket.
[[0;32m  OK  [0m] Listening on ACPID Listen Socket.
[[0;32m  OK  [0m] Listening on D-Bus System Message Bus Socket.
[[0;32m  OK  [0m] Started Ubuntu Advantage Timer for running repeated jobs.
[[0;32m  OK  [0m] Started Daily apt upgrade and clean activities.
[[0;32m  OK  [0m] Reached target Timers.
[[0;32m  OK  [0m] Started ACPI Events Check.
[[0;32m  OK  [0m] Reached target Paths.
[[0;32m  OK  [0m] Reached target Cloud-config availability.
[[0;32m  OK  [0m] Started Availability of block devices.
[[0;32m  OK  [0m] Listening on Socket activation for snappy daemon.
[[0;32m  OK  [0m] Listening on LXD - unix socket.
[[0;32m  OK  [0m] Reached target Sockets.
[[0;32m  OK  [0m] Reached target Basic System.
         Starting Snap Daemon...
[[0;32m  OK  [0m] Started Regular background program processing daemon.
[[0;32m  OK  [0m] Started D-Bus System Message Bus.

[   27.440641] cloud-init[900]: The key fingerprint is:
[   27.470844] cloud-init[900]: SHA256:4Kv7UTVYuuNFjyu0jmutKb2K9Bx41aJPs8NQvW84n0k root@ubuntu-bionic
[   27.510202] cloud-init[900]: The key's randomart image is:
[   27.550408] cloud-init[900]: +---[DSA 1024]----+
[   27.569403] cloud-init[900]: |          .      |
[   27.601843] cloud-init[900]: |         +       |
[   27.650175] cloud-init[900]: |      ..o +      |
[   27.673910] cloud-init[900]:          Starting LSB: Record successful boot for GRUB...
[[0;32m  OK  [0m] Started Deferred execution scheduler.
|     ..o.+ +     |         Starting Accounts Service...
         Starting System Logging Service...
         Starting Permit User Sessions...

[   27.745409]          Starting Virtualbox guest utils...
cloud-init[900]: |     .+ S.o .    |
[   27.804515] cloud-init[900]:          Starting Dispatcher daemon for systemd-networkd...
[[0;32m  OK  [0m] Reached target Login Prompts (Pre).
         Starting LXD - container startup/shutdown...
         Starting LSB: automatic crash report generation...
|   ..o *.+ .     |
[   27.890132] cloud-init[900]: |  o ++=.+oE      |
[[0;32m  OK  [0m] Started FUSE filesystem for LXC.
[   27.913393] cloud-init[900]: | . =.==B+ooo     |
[   27.939415] cloud-init[900]: |  . **X=.++      |
[   28.012431] cloud-init[900]: +----[SHA256]-----+
[   28.018984] cloud-init[900]: Generating public/private ecdsa key pair.
[   28.030657] cloud-init[900]: Your identification has been saved in /etc/ssh/ssh_host_ecdsa_key.
[   28.061573] cloud-init[900]: Your public key has been saved in /etc/ssh/ssh_host_ecdsa_key.pub.
[   28.081276] cloud-init[900]: The key fingerprint is:
[   28.088536] cloud-init[900]: SHA256:lRlSoarZPvnpIcGY8V9zLSsPdNRJJI33qQVcH3Wr8mQ root@ubuntu-bionic
[   28.117015] cloud-init[900]: The key's randomart image is:
[   28.126296] cloud-init[900]: +---[ECDSA 256]---+
[   28.129933] cloud-init[900]: |        ..+.o++o+|
[   28.131896] cloud-init[900]: |         o +.*o.=|
[   28.134090] cloud-init[900]: |    .   . + ..+oo|
[   28.136551] cloud-init[900]: |     * . . . ..o.|
[   28.138851] cloud-init[900]: |    o = S +.+E+  |
[   28.140458] cloud-init[900]: |     + o o +=+   |
[   28.143274] cloud-init[900]: |    o o.o o ..   |
[   28.145741] cloud-init[900]: |     .o. o +     |
[   28.147740] cloud-init[900]: |      .++   .    |
[   28.149827] cloud-init[900]: +----[SHA256]-----+
[   28.152424] cloud-init[900]: Generating public/private ed25519 key pair.
[   28.156740] cloud-init[900]: Your identification has been saved in /etc/ssh/ssh_host_ed25519_key.
[   28.161498] cloud-init[900]: Your public key has been saved in /etc/ssh/ssh_host_ed25519_key.pub.
[   28.165754] cloud-init[900]: The key fingerprint is:
[   28.172965] cloud-init[900]: SHA256:1yXr6OjjRf8EixW/Df4htW03U4ckwNbH63353hfOdvs root@ubuntu-bionic         Starting Pollinate to seed the pseudo random number generator...

[   28.186105] cloud-init[900]: The key's randomart image is:
[   28.194538] cloud-init[900]: +--[ED25519 256]--+
[   28.202507] cloud-init[900]: |         ... .   |
[   28.213265] cloud-init[900]: |          o.. o  |
[   28.227911] cloud-init[900]: |         .  +.o. |
[   28.233118] cloud-init[900]: |           . O.. |
[   28.239063] cloud-init[900]: |        S o =.+o+|
[   28.260531] cloud-init[900]: |         o * +o*B|
[   28.268589] cloud-init[[0;32m  OK  [0m] Started irqbalance daemon.
         Starting Login Service...
[[0;32m  OK  [0m] Started System Logging Service.
[900]: |          + +.*=O|
[[0;32m  OK  [0m] Started Permit User Sessions.
[   28.294873] cloud-init[900]: |        .+   o.*X|
[   28.309644] cloud-init[900]: |       o+..   ooE|
[   28.328251] cloud-init[900]: +----[SHA256]-----+
         Starting Authorization Manager...
         Starting Terminate Plymouth Boot Screen...
         Starting Hold until boot process finishes up...
[[0;32m  OK  [0m] Started Hold until boot process finishes up.
[[0;32m  OK  [0m] Started Serial Getty on ttyS0.
         Starting Set console scheme...
[[0;32m  OK  [0m] Started Terminate Plymouth Boot Screen.
[[0;32m  OK  [0m] Started LSB: automatic crash report generation.
[[0;32m  OK  [0m] Started Set console scheme.
[[0;32m  OK  [0m] Created slice system-getty.slice.
[[0;32m  OK  [0m] Started Getty on tty1.
[[0;32m  OK  [0m] Reached target Login Prompts.
[[0;32m  OK  [0m] Started Login Service.
[[0;32m  OK  [0m] Started Unattended Upgrades Shutdown.
[[0;32m  OK  [0m] Started LSB: Record successful boot for GRUB.
[[0;32m  OK  [0m] Started Authorization Manager.
[[0;32m  OK  [0m] Started Accounts Service.
[[0;32m  OK  [0m] Started Virtualbox guest utils.
[[0;32m  OK  [0m] Started Dispatcher daemon for systemd-networkd.
[[0;32m  OK  [0m] Started LXD - container startup/shutdown.
[[0;32m  OK  [0m] Started Pollinate to seed the pseudo random number generator.
         Starting OpenBSD Secure Shell server...
[[0;32m  OK  [0m] Started OpenBSD Secure Shell server.
[[0;32m  OK  [0m] Started Snap Daemon.
         Starting Wait until snapd is fully seeded...
[[0;32m  OK  [0m] Created slice User Slice of vagrant.
         Starting User Manager for UID 1000...
[[0;32m  OK  [0m] Started Session 1 of user vagrant.
[[0;32m  OK  [0m] Started User Manager for UID 1000.
         Starting Time & Date Service...
[[0;32m  OK  [0m] Started Time & Date Service.

Ubuntu 18.04.6 LTS ubuntu-bionic ttyS0

ubuntu-bionic login: [   37.341176] cloud-init[1472]: Cloud-init v. 23.1.2-0ubuntu0~18.04.1 running 'modules:config' at Sat, 25 May 2024 17:11:41 +0000. Up 35.99 seconds.
ci-info: no authorized SSH keys fingerprints found for user ubuntu.
<14>May 25 17:11:44 cloud-init: #############################################################
<14>May 25 17:11:44 cloud-init: -----BEGIN SSH HOST KEY FINGERPRINTS-----
<14>May 25 17:11:44 cloud-init: 1024 SHA256:4Kv7UTVYuuNFjyu0jmutKb2K9Bx41aJPs8NQvW84n0k root@ubuntu-bionic (DSA)
<14>May 25 17:11:44 cloud-init: 256 SHA256:lRlSoarZPvnpIcGY8V9zLSsPdNRJJI33qQVcH3Wr8mQ root@ubuntu-bionic (ECDSA)
<14>May 25 17:11:44 cloud-init: 256 SHA256:1yXr6OjjRf8EixW/Df4htW03U4ckwNbH63353hfOdvs root@ubuntu-bionic (ED25519)
<14>May 25 17:11:44 cloud-init: 2048 SHA256:PPw2AJIEb1N6mBEbNPRvhXXeM3aoxEUriMY4cZAklU8 root@ubuntu-bionic (RSA)
<14>May 25 17:11:44 cloud-init: -----END SSH HOST KEY FINGERPRINTS-----
<14>May 25 17:11:44 cloud-init: #############################################################
-----BEGIN SSH HOST KEY KEYS-----
ecdsa-sha2-nistp256 AAAAE2VjZHNhLXNoYTItbmlzdHAyNTYAAAAIbmlzdHAyNTYAAABBBMtFQ3HQLM0q4PAnfhYTTJdjOKdAbmQn80idWG1MT24DHLZIHDbIHZpjP2vAaEvSqdBXwkLwOzlo2+mwxTC7Xsw= root@ubuntu-bionic
ssh-ed25519 AAAAC3NzaC1lZDI1NTE5AAAAIBv6GyYRrR4CNne5G7rCPR2j3/KIDJdUr/dtUiNwfJVK root@ubuntu-bionic
ssh-rsa AAAAB3NzaC1yc2EAAAADAQABAAABAQDKmPgjRvXBuSrIDxqAGzHI77v+BiNtQBOVm5uTpvkpBHljAGOS18efMu2eKoRQ76W+AczHoNzjanQfnXUDLRYWkFgge9wHCG3jbdvq6QZnPPbgHe/a7X9S+U1O1uN8Nx/o5on7rR/aP5SlSjjG3G/zud95ryhIFrOoCO4XTTuJleTzVWLEUFchnQIjZOYNyb+Ri/51WAOR/s3IbTJonRf9oYDA+bdKGNMr8KFxD5Af4qyZBMT/B/stkLOFj5bFQS4u7ru7KeWChltdrkb5kaa56k7bQTT3fOxhGjvJmGgyJ/EnNSMxNV7+nvMvQ6lOrJxIW08UnP3H9sMHIapTKRKr root@ubuntu-bionic
-----END SSH HOST KEY KEYS-----
[   39.207408] cloud-init[1582]: Cloud-init v. 23.1.2-0ubuntu0~18.04.1 running 'modules:final' at Sat, 25 May 2024 17:11:44 +0000. Up 38.70 seconds.
[   39.207746] cloud-init[1582]: Cloud-init v. 23.1.2-0ubuntu0~18.04.1 finished at Sat, 25 May 2024 17:11:44 +0000. Datasource DataSourceNoCloud [seed=/dev/sdb][dsmode=net].  Up 39.07 seconds
